d:\landispro\twodimension_dispersal\landiscode\landis_7.1\winddll\x64\debug\winddll.bsc
d:\landispro\twodimension_dispersal\landiscode\landis_7.1\winddll\debug\vc120.pdb
d:\landispro\twodimension_dispersal\landiscode\landis_7.1\winddll\x64\debug\pile.sbr
d:\landispro\twodimension_dispersal\landiscode\landis_7.1\winddll\x64\debug\point.sbr
d:\landispro\twodimension_dispersal\landiscode\landis_7.1\winddll\x64\debug\wind.sbr
d:\landispro\twodimension_dispersal\landiscode\landis_7.1\winddll\x64\debug\windexport.sbr
d:\landispro\twodimension_dispersal\landiscode\landis_7.1\winddll\debug\windexport.obj
d:\landispro\twodimension_dispersal\landiscode\landis_7.1\winddll\debug\wind.obj
d:\landispro\twodimension_dispersal\landiscode\landis_7.1\winddll\debug\point.obj
d:\landispro\twodimension_dispersal\landiscode\landis_7.1\winddll\debug\pile.obj
d:\landispro\twodimension_dispersal\landiscode\landis_7.1\x64\debug\winddll.dll
d:\landispro\twodimension_dispersal\landiscode\landis_7.1\output\winddll.pdb
d:\landispro\twodimension_dispersal\landiscode\landis_7.1\output\winddll.lib
d:\landispro\twodimension_dispersal\landiscode\landis_7.1\output\winddll.exp
d:\landispro\twodimension_dispersal\landiscode\landis_7.1\winddll\x64\debug\winddll.tlog\bscmake.command.1.tlog
d:\landispro\twodimension_dispersal\landiscode\landis_7.1\winddll\x64\debug\winddll.tlog\bscmake.read.1.tlog
d:\landispro\twodimension_dispersal\landiscode\landis_7.1\winddll\x64\debug\winddll.tlog\bscmake.write.1.tlog
d:\landispro\twodimension_dispersal\landiscode\landis_7.1\winddll\x64\debug\winddll.tlog\cl.command.1.tlog
d:\landispro\twodimension_dispersal\landiscode\landis_7.1\winddll\x64\debug\winddll.tlog\cl.read.1.tlog
d:\landispro\twodimension_dispersal\landiscode\landis_7.1\winddll\x64\debug\winddll.tlog\cl.write.1.tlog
d:\landispro\twodimension_dispersal\landiscode\landis_7.1\winddll\x64\debug\winddll.tlog\link.command.1.tlog
d:\landispro\twodimension_dispersal\landiscode\landis_7.1\winddll\x64\debug\winddll.tlog\link.read.1.tlog
d:\landispro\twodimension_dispersal\landiscode\landis_7.1\winddll\x64\debug\winddll.tlog\link.write.1.tlog
d:\landispro\twodimension_dispersal\landiscode\landis_7.1\winddll\x64\debug\winddll.tlog\winddll.write.1u.tlog
