d:\landispro\twodimension_dispersal\landiscode\landis_7.1\fueldll\debug\vc120.pdb
d:\landispro\twodimension_dispersal\landiscode\landis_7.1\fueldll\debug\standiterator.obj
d:\landispro\twodimension_dispersal\landiscode\landis_7.1\fueldll\debug\siteremovalmask.obj
d:\landispro\twodimension_dispersal\landiscode\landis_7.1\fueldll\debug\siteharvester.obj
d:\landispro\twodimension_dispersal\landiscode\landis_7.1\fueldll\debug\reclass4.obj
d:\landispro\twodimension_dispersal\landiscode\landis_7.1\fueldll\debug\point.obj
d:\landispro\twodimension_dispersal\landiscode\landis_7.1\fueldll\debug\managementareas.obj
d:\landispro\twodimension_dispersal\landiscode\landis_7.1\fueldll\debug\managementareaiterator.obj
d:\landispro\twodimension_dispersal\landiscode\landis_7.1\fueldll\debug\managementarea.obj
d:\landispro\twodimension_dispersal\landiscode\landis_7.1\fueldll\debug\intarray.obj
d:\landispro\twodimension_dispersal\landiscode\landis_7.1\fueldll\debug\harvestreport.obj
d:\landispro\twodimension_dispersal\landiscode\landis_7.1\fueldll\debug\fueltreatmentrank.obj
d:\landispro\twodimension_dispersal\landiscode\landis_7.1\fueldll\debug\fueltrack.obj
d:\landispro\twodimension_dispersal\landiscode\landis_7.1\fueldll\debug\fuelstands.obj
d:\landispro\twodimension_dispersal\landiscode\landis_7.1\fueldll\debug\fuelstand.obj
d:\landispro\twodimension_dispersal\landiscode\landis_7.1\fueldll\debug\fuelsites.obj
d:\landispro\twodimension_dispersal\landiscode\landis_7.1\fueldll\debug\fuelrule.obj
d:\landispro\twodimension_dispersal\landiscode\landis_7.1\fueldll\debug\fuelmanevent.obj
d:\landispro\twodimension_dispersal\landiscode\landis_7.1\fueldll\debug\fuelmanage.obj
d:\landispro\twodimension_dispersal\landiscode\landis_7.1\fueldll\debug\fuelglobalfuncs.obj
d:\landispro\twodimension_dispersal\landiscode\landis_7.1\fueldll\debug\cohortremovalmask.obj
d:\landispro\twodimension_dispersal\landiscode\landis_7.1\output\fueldll.lib
d:\landispro\twodimension_dispersal\landiscode\landis_7.1\output\fueldll.exp
d:\landispro\twodimension_dispersal\landiscode\landis_7.1\x64\debug\fueldll.dll
d:\landispro\twodimension_dispersal\landiscode\landis_7.1\output\fueldll.pdb
d:\landispro\twodimension_dispersal\landiscode\landis_7.1\fueldll\x64\debug\fueldll.tlog\cl.command.1.tlog
d:\landispro\twodimension_dispersal\landiscode\landis_7.1\fueldll\x64\debug\fueldll.tlog\cl.read.1.tlog
d:\landispro\twodimension_dispersal\landiscode\landis_7.1\fueldll\x64\debug\fueldll.tlog\cl.write.1.tlog
d:\landispro\twodimension_dispersal\landiscode\landis_7.1\fueldll\x64\debug\fueldll.tlog\fueldll.write.1u.tlog
d:\landispro\twodimension_dispersal\landiscode\landis_7.1\fueldll\x64\debug\fueldll.tlog\link.command.1.tlog
d:\landispro\twodimension_dispersal\landiscode\landis_7.1\fueldll\x64\debug\fueldll.tlog\link.read.1.tlog
d:\landispro\twodimension_dispersal\landiscode\landis_7.1\fueldll\x64\debug\fueldll.tlog\link.write.1.tlog
