Build started 12/14/2017 4:00:05 PM.
     1>Project "D:\HouBin\LANDIS_7.1_merged(after mem)\FuelDll\FuelDll.vcxproj" on node 4 (Build target(s)).
     1>C:\Program Files (x86)\MSBuild\Microsoft.Cpp\v4.0\V120\Microsoft.CppBuild.targets(1193,5): warning MSB8012: TargetPath(D:\HouBin\LANDIS_7.1_merged(after mem)\FuelDll\x64\Debug\FuelDll.dll) does not match the Linker's OutputFile property value (D:\HouBin\LANDIS_7.1_merged(after mem)\x64\Debug\FuelDll.dll). This may cause your project to build incorrectly. To correct this, please make sure that $(OutDir), $(TargetName) and $(TargetExt) property values match the value specified in %(Link.OutputFile).
     1>Link:
         C:\Program Files (x86)\Microsoft Visual Studio 12.0\VC\bin\x86_amd64\link.exe /ERRORREPORT:PROMPT /OUT:"..\x64\Debug\FuelDll.dll" /INCREMENTAL:NO /NOLOGO /LIBPATH:..\output /LIBPATH:"C:\Program Files (x86)\Visual Leak Detector\lib\Win64" odbc32.lib odbccp32.lib LandisProCore.lib /DEF:".\source\Fuel.def" /MANIFEST /MANIFESTUAC:"level='asInvoker' uiAccess='false'" /manifest:embed /manifestinput:"C:\Program Files (x86)\Microsoft Visual Studio 12.0\VC\Include\Manifest\dpiaware.manifest" /DEBUG /PDB:".\..\output/FuelDll.pdb" /TLBID:1 /DYNAMICBASE:NO /IMPLIB:".\..\output/FuelDll.lib" /MACHINE:X64 /DLL .\Debug/CohortRemovalMask.obj
         .\Debug/FuelGlobalFuncs.obj
         .\Debug/FuelManage.obj
         .\Debug/FuelManEvent.obj
         .\Debug/FuelRule.obj
         .\Debug/FuelSites.obj
         .\Debug/FuelStand.obj
         .\Debug/FuelStands.obj
         .\Debug/FuelTrack.obj
         .\Debug/FuelTreatmentRank.obj
         .\Debug/HarvestReport.obj
         .\Debug/IntArray.obj
         .\Debug/ManagementArea.obj
         .\Debug/ManagementAreaIterator.obj
         .\Debug/ManagementAreas.obj
         .\Debug/POINT.obj
         .\Debug/Reclass4.obj
         .\Debug/SiteHarvester.obj
         .\Debug/SiteRemovalMask.obj
         .\Debug/StandIterator.obj
         "D:\HouBin\LANDIS_7.1_merged(after mem)\output\LandisProCore.lib"
     1>FuelGlobalFuncs.obj : warning LNK4197: export 'FuelInit' specified multiple times; using first specification
            Creating library .\..\output/FuelDll.lib and object .\..\output/FuelDll.exp
         FuelDll.vcxproj -> D:\HouBin\LANDIS_7.1_merged(after mem)\FuelDll\x64\Debug\FuelDll.dll
     1>Done Building Project "D:\HouBin\LANDIS_7.1_merged(after mem)\FuelDll\FuelDll.vcxproj" (Build target(s)).

Build succeeded.

Time Elapsed 00:00:00.70
