d:\landispro\twodimension_dispersal\landiscode\landis_7.1\landis40app\x64\debug\landis70proapp.bsc
d:\landispro\twodimension_dispersal\landiscode\landis_7.1\landis40app\debug\vc120.pdb
d:\landispro\twodimension_dispersal\landiscode\landis_7.1\landis40app\x64\debug\io.sbr
d:\landispro\twodimension_dispersal\landiscode\landis_7.1\landis40app\x64\debug\landis.sbr
d:\landispro\twodimension_dispersal\landiscode\landis_7.1\landis40app\x64\debug\params.sbr
d:\landispro\twodimension_dispersal\landiscode\landis_7.1\landis40app\x64\debug\pdp.sbr
d:\landispro\twodimension_dispersal\landiscode\landis_7.1\landis40app\x64\debug\reclass.sbr
d:\landispro\twodimension_dispersal\landiscode\landis_7.1\landis40app\x64\debug\reclass2.sbr
d:\landispro\twodimension_dispersal\landiscode\landis_7.1\landis40app\x64\debug\reclass3.sbr
d:\landispro\twodimension_dispersal\landiscode\landis_7.1\landis40app\debug\reclass3.obj
d:\landispro\twodimension_dispersal\landiscode\landis_7.1\landis40app\debug\reclass2.obj
d:\landispro\twodimension_dispersal\landiscode\landis_7.1\landis40app\debug\reclass.obj
d:\landispro\twodimension_dispersal\landiscode\landis_7.1\landis40app\debug\pdp.obj
d:\landispro\twodimension_dispersal\landiscode\landis_7.1\landis40app\debug\params.obj
d:\landispro\twodimension_dispersal\landiscode\landis_7.1\landis40app\debug\landis.obj
d:\landispro\twodimension_dispersal\landiscode\landis_7.1\landis40app\debug\io.obj
d:\landispro\twodimension_dispersal\landiscode\landis_7.1\landis40app\x64\debug\landis70proapp.lib
d:\landispro\twodimension_dispersal\landiscode\landis_7.1\landis40app\x64\debug\landis70proapp.exp
d:\landispro\twodimension_dispersal\landiscode\landis_7.1\x64\debug\landis70proapp.exe
d:\landispro\twodimension_dispersal\landiscode\landis_7.1\output\landisproapp.pdb
d:\landispro\twodimension_dispersal\landiscode\landis_7.1\landis40app\x64\debug\landis40app.tlog\bscmake.command.1.tlog
d:\landispro\twodimension_dispersal\landiscode\landis_7.1\landis40app\x64\debug\landis40app.tlog\bscmake.read.1.tlog
d:\landispro\twodimension_dispersal\landiscode\landis_7.1\landis40app\x64\debug\landis40app.tlog\bscmake.write.1.tlog
d:\landispro\twodimension_dispersal\landiscode\landis_7.1\landis40app\x64\debug\landis40app.tlog\cl.command.1.tlog
d:\landispro\twodimension_dispersal\landiscode\landis_7.1\landis40app\x64\debug\landis40app.tlog\cl.read.1.tlog
d:\landispro\twodimension_dispersal\landiscode\landis_7.1\landis40app\x64\debug\landis40app.tlog\cl.write.1.tlog
d:\landispro\twodimension_dispersal\landiscode\landis_7.1\landis40app\x64\debug\landis40app.tlog\landis40app.write.1u.tlog
d:\landispro\twodimension_dispersal\landiscode\landis_7.1\landis40app\x64\debug\landis40app.tlog\link.command.1.tlog
d:\landispro\twodimension_dispersal\landiscode\landis_7.1\landis40app\x64\debug\landis40app.tlog\link.read.1.tlog
d:\landispro\twodimension_dispersal\landiscode\landis_7.1\landis40app\x64\debug\landis40app.tlog\link.write.1.tlog
