d:\landispro\twodimension_dispersal\landiscode\landis_7.1\output\bdadll.lib
d:\landispro\twodimension_dispersal\landiscode\landis_7.1\output\bdadll.exp
d:\landispro\twodimension_dispersal\landiscode\landis_7.1\bdadll\x64\debug\bdadll.bsc
d:\landispro\twodimension_dispersal\landiscode\landis_7.1\bdadll\debug\vc120.pdb
d:\landispro\twodimension_dispersal\landiscode\landis_7.1\bdadll\x64\debug\bda.sbr
d:\landispro\twodimension_dispersal\landiscode\landis_7.1\bdadll\x64\debug\bdas.sbr
d:\landispro\twodimension_dispersal\landiscode\landis_7.1\bdadll\x64\debug\bdasexport.sbr
d:\landispro\twodimension_dispersal\landiscode\landis_7.1\bdadll\x64\debug\bdasites.sbr
d:\landispro\twodimension_dispersal\landiscode\landis_7.1\bdadll\x64\debug\mersenne.sbr
d:\landispro\twodimension_dispersal\landiscode\landis_7.1\bdadll\x64\debug\poslist.sbr
d:\landispro\twodimension_dispersal\landiscode\landis_7.1\bdadll\x64\debug\stoc1.sbr
d:\landispro\twodimension_dispersal\landiscode\landis_7.1\bdadll\debug\stoc1.obj
d:\landispro\twodimension_dispersal\landiscode\landis_7.1\bdadll\debug\poslist.obj
d:\landispro\twodimension_dispersal\landiscode\landis_7.1\bdadll\debug\mersenne.obj
d:\landispro\twodimension_dispersal\landiscode\landis_7.1\bdadll\debug\bdasites.obj
d:\landispro\twodimension_dispersal\landiscode\landis_7.1\bdadll\debug\bdasexport.obj
d:\landispro\twodimension_dispersal\landiscode\landis_7.1\bdadll\debug\bdas.obj
d:\landispro\twodimension_dispersal\landiscode\landis_7.1\bdadll\debug\bda.obj
d:\landispro\twodimension_dispersal\landiscode\landis_7.1\x64\debug\bdadll.dll
d:\landispro\twodimension_dispersal\landiscode\landis_7.1\output\bdadll.pdb
d:\landispro\twodimension_dispersal\landiscode\landis_7.1\bdadll\x64\debug\bdadll.tlog\bdadll.write.1u.tlog
d:\landispro\twodimension_dispersal\landiscode\landis_7.1\bdadll\x64\debug\bdadll.tlog\bscmake.command.1.tlog
d:\landispro\twodimension_dispersal\landiscode\landis_7.1\bdadll\x64\debug\bdadll.tlog\bscmake.read.1.tlog
d:\landispro\twodimension_dispersal\landiscode\landis_7.1\bdadll\x64\debug\bdadll.tlog\bscmake.write.1.tlog
d:\landispro\twodimension_dispersal\landiscode\landis_7.1\bdadll\x64\debug\bdadll.tlog\cl.command.1.tlog
d:\landispro\twodimension_dispersal\landiscode\landis_7.1\bdadll\x64\debug\bdadll.tlog\cl.read.1.tlog
d:\landispro\twodimension_dispersal\landiscode\landis_7.1\bdadll\x64\debug\bdadll.tlog\cl.write.1.tlog
d:\landispro\twodimension_dispersal\landiscode\landis_7.1\bdadll\x64\debug\bdadll.tlog\link.command.1.tlog
d:\landispro\twodimension_dispersal\landiscode\landis_7.1\bdadll\x64\debug\bdadll.tlog\link.read.1.tlog
d:\landispro\twodimension_dispersal\landiscode\landis_7.1\bdadll\x64\debug\bdadll.tlog\link.write.1.tlog
