d:\landispro\twodimension_dispersal\landiscode\landis_7.1\harvestdll\x64\debug\harvestdll.bsc
d:\landispro\twodimension_dispersal\landiscode\landis_7.1\harvestdll\debug\vc120.pdb
d:\landispro\twodimension_dispersal\landiscode\landis_7.1\harvestdll\x64\debug\boundedpocketstandharvester.sbr
d:\landispro\twodimension_dispersal\landiscode\landis_7.1\harvestdll\x64\debug\cohortremovalmask.sbr
d:\landispro\twodimension_dispersal\landiscode\landis_7.1\harvestdll\x64\debug\economicimportancerank.sbr
d:\landispro\twodimension_dispersal\landiscode\landis_7.1\harvestdll\x64\debug\fillingstandharvester.sbr
d:\landispro\twodimension_dispersal\landiscode\landis_7.1\harvestdll\x64\debug\globalfunctions.sbr
d:\landispro\twodimension_dispersal\landiscode\landis_7.1\harvestdll\x64\debug\groupselectionregime.sbr
d:\landispro\twodimension_dispersal\landiscode\landis_7.1\harvestdll\x64\debug\harvestevent.sbr
d:\landispro\twodimension_dispersal\landiscode\landis_7.1\harvestdll\x64\debug\harvesteventqueue.sbr
d:\landispro\twodimension_dispersal\landiscode\landis_7.1\harvestdll\x64\debug\harvestpath.sbr
d:\landispro\twodimension_dispersal\landiscode\landis_7.1\harvestdll\x64\debug\harvestpathiterator.sbr
d:\landispro\twodimension_dispersal\landiscode\landis_7.1\harvestdll\x64\debug\harvestregime.sbr
d:\landispro\twodimension_dispersal\landiscode\landis_7.1\harvestdll\x64\debug\harvestreport.sbr
d:\landispro\twodimension_dispersal\landiscode\landis_7.1\harvestdll\x64\debug\harvestsites.sbr
d:\landispro\twodimension_dispersal\landiscode\landis_7.1\harvestdll\x64\debug\intarray.sbr
d:\landispro\twodimension_dispersal\landiscode\landis_7.1\harvestdll\x64\debug\managementarea.sbr
d:\landispro\twodimension_dispersal\landiscode\landis_7.1\harvestdll\x64\debug\managementareaiterator.sbr
d:\landispro\twodimension_dispersal\landiscode\landis_7.1\harvestdll\x64\debug\managementareas.sbr
d:\landispro\twodimension_dispersal\landiscode\landis_7.1\harvestdll\x64\debug\multiplepocketstandharvester.sbr
d:\landispro\twodimension_dispersal\landiscode\landis_7.1\harvestdll\x64\debug\oldestrank.sbr
d:\landispro\twodimension_dispersal\landiscode\landis_7.1\harvestdll\x64\debug\onepassstandbasedregime.sbr
d:\landispro\twodimension_dispersal\landiscode\landis_7.1\harvestdll\debug\onepassstandbasedregime.obj
d:\landispro\twodimension_dispersal\landiscode\landis_7.1\harvestdll\debug\oldestrank.obj
d:\landispro\twodimension_dispersal\landiscode\landis_7.1\harvestdll\debug\multiplepocketstandharvester.obj
d:\landispro\twodimension_dispersal\landiscode\landis_7.1\harvestdll\debug\managementareas.obj
d:\landispro\twodimension_dispersal\landiscode\landis_7.1\harvestdll\debug\managementareaiterator.obj
d:\landispro\twodimension_dispersal\landiscode\landis_7.1\harvestdll\debug\managementarea.obj
d:\landispro\twodimension_dispersal\landiscode\landis_7.1\harvestdll\debug\intarray.obj
d:\landispro\twodimension_dispersal\landiscode\landis_7.1\harvestdll\debug\harvestsites.obj
d:\landispro\twodimension_dispersal\landiscode\landis_7.1\harvestdll\debug\harvestreport.obj
d:\landispro\twodimension_dispersal\landiscode\landis_7.1\harvestdll\debug\harvestregime.obj
d:\landispro\twodimension_dispersal\landiscode\landis_7.1\harvestdll\debug\harvestpathiterator.obj
d:\landispro\twodimension_dispersal\landiscode\landis_7.1\harvestdll\debug\harvestpath.obj
d:\landispro\twodimension_dispersal\landiscode\landis_7.1\harvestdll\debug\harvesteventqueue.obj
d:\landispro\twodimension_dispersal\landiscode\landis_7.1\harvestdll\debug\harvestevent.obj
d:\landispro\twodimension_dispersal\landiscode\landis_7.1\harvestdll\debug\groupselectionregime.obj
d:\landispro\twodimension_dispersal\landiscode\landis_7.1\harvestdll\debug\globalfunctions.obj
d:\landispro\twodimension_dispersal\landiscode\landis_7.1\harvestdll\debug\fillingstandharvester.obj
d:\landispro\twodimension_dispersal\landiscode\landis_7.1\harvestdll\debug\economicimportancerank.obj
d:\landispro\twodimension_dispersal\landiscode\landis_7.1\harvestdll\debug\cohortremovalmask.obj
d:\landispro\twodimension_dispersal\landiscode\landis_7.1\harvestdll\debug\boundedpocketstandharvester.obj
d:\landispro\twodimension_dispersal\landiscode\landis_7.1\harvestdll\x64\debug\onepassstandfillingregime.sbr
d:\landispro\twodimension_dispersal\landiscode\landis_7.1\harvestdll\x64\debug\onepassstandspreadingregime.sbr
d:\landispro\twodimension_dispersal\landiscode\landis_7.1\harvestdll\x64\debug\periodicstandfillingregime.sbr
d:\landispro\twodimension_dispersal\landiscode\landis_7.1\harvestdll\x64\debug\periodictwopassstandfillingregime.sbr
d:\landispro\twodimension_dispersal\landiscode\landis_7.1\harvestdll\x64\debug\point.sbr
d:\landispro\twodimension_dispersal\landiscode\landis_7.1\harvestdll\x64\debug\randomrank.sbr
d:\landispro\twodimension_dispersal\landiscode\landis_7.1\harvestdll\x64\debug\regulatedistributionrank.sbr
d:\landispro\twodimension_dispersal\landiscode\landis_7.1\harvestdll\x64\debug\relativeoldestrank.sbr
d:\landispro\twodimension_dispersal\landiscode\landis_7.1\harvestdll\x64\debug\repeatingtwopassstandfillingregime.sbr
d:\landispro\twodimension_dispersal\landiscode\landis_7.1\harvestdll\x64\debug\siteharvester.sbr
d:\landispro\twodimension_dispersal\landiscode\landis_7.1\harvestdll\x64\debug\siteremovalmask.sbr
d:\landispro\twodimension_dispersal\landiscode\landis_7.1\harvestdll\x64\debug\stand.sbr
d:\landispro\twodimension_dispersal\landiscode\landis_7.1\harvestdll\x64\debug\standharvester.sbr
d:\landispro\twodimension_dispersal\landiscode\landis_7.1\harvestdll\x64\debug\standiterator.sbr
d:\landispro\twodimension_dispersal\landiscode\landis_7.1\harvestdll\x64\debug\standrankingalgorithm.sbr
d:\landispro\twodimension_dispersal\landiscode\landis_7.1\harvestdll\x64\debug\stands.sbr
d:\landispro\twodimension_dispersal\landiscode\landis_7.1\harvestdll\x64\debug\twopassstandbasedregime.sbr
d:\landispro\twodimension_dispersal\landiscode\landis_7.1\harvestdll\x64\debug\twopassstandfillingregime.sbr
d:\landispro\twodimension_dispersal\landiscode\landis_7.1\harvestdll\x64\debug\twopassstandspreadingregime.sbr
d:\landispro\twodimension_dispersal\landiscode\landis_7.1\harvestdll\x64\debug\unboundedpocketstandharvester.sbr
d:\landispro\twodimension_dispersal\landiscode\landis_7.1\harvestdll\debug\unboundedpocketstandharvester.obj
d:\landispro\twodimension_dispersal\landiscode\landis_7.1\harvestdll\debug\twopassstandspreadingregime.obj
d:\landispro\twodimension_dispersal\landiscode\landis_7.1\harvestdll\debug\twopassstandfillingregime.obj
d:\landispro\twodimension_dispersal\landiscode\landis_7.1\harvestdll\debug\twopassstandbasedregime.obj
d:\landispro\twodimension_dispersal\landiscode\landis_7.1\harvestdll\debug\stands.obj
d:\landispro\twodimension_dispersal\landiscode\landis_7.1\harvestdll\debug\standrankingalgorithm.obj
d:\landispro\twodimension_dispersal\landiscode\landis_7.1\harvestdll\debug\standiterator.obj
d:\landispro\twodimension_dispersal\landiscode\landis_7.1\harvestdll\debug\standharvester.obj
d:\landispro\twodimension_dispersal\landiscode\landis_7.1\harvestdll\debug\stand.obj
d:\landispro\twodimension_dispersal\landiscode\landis_7.1\harvestdll\debug\siteremovalmask.obj
d:\landispro\twodimension_dispersal\landiscode\landis_7.1\harvestdll\debug\siteharvester.obj
d:\landispro\twodimension_dispersal\landiscode\landis_7.1\harvestdll\debug\repeatingtwopassstandfillingregime.obj
d:\landispro\twodimension_dispersal\landiscode\landis_7.1\harvestdll\debug\relativeoldestrank.obj
d:\landispro\twodimension_dispersal\landiscode\landis_7.1\harvestdll\debug\regulatedistributionrank.obj
d:\landispro\twodimension_dispersal\landiscode\landis_7.1\harvestdll\debug\randomrank.obj
d:\landispro\twodimension_dispersal\landiscode\landis_7.1\harvestdll\debug\point.obj
d:\landispro\twodimension_dispersal\landiscode\landis_7.1\harvestdll\debug\periodictwopassstandfillingregime.obj
d:\landispro\twodimension_dispersal\landiscode\landis_7.1\harvestdll\debug\periodicstandfillingregime.obj
d:\landispro\twodimension_dispersal\landiscode\landis_7.1\harvestdll\debug\onepassstandspreadingregime.obj
d:\landispro\twodimension_dispersal\landiscode\landis_7.1\harvestdll\debug\onepassstandfillingregime.obj
d:\landispro\twodimension_dispersal\landiscode\landis_7.1\harvestdll\x64\debug\groupselectionregime70.sbr
d:\landispro\twodimension_dispersal\landiscode\landis_7.1\harvestdll\x64\debug\harvestvolumefittingregime.sbr
d:\landispro\twodimension_dispersal\landiscode\landis_7.1\harvestdll\x64\debug\rankbystocking.sbr
d:\landispro\twodimension_dispersal\landiscode\landis_7.1\harvestdll\x64\debug\rankbyvolume.sbr
d:\landispro\twodimension_dispersal\landiscode\landis_7.1\harvestdll\x64\debug\stockingcuttingregime.sbr
d:\landispro\twodimension_dispersal\landiscode\landis_7.1\harvestdll\debug\stockingcuttingregime.obj
d:\landispro\twodimension_dispersal\landiscode\landis_7.1\harvestdll\debug\rankbyvolume.obj
d:\landispro\twodimension_dispersal\landiscode\landis_7.1\harvestdll\debug\rankbystocking.obj
d:\landispro\twodimension_dispersal\landiscode\landis_7.1\harvestdll\debug\harvestvolumefittingregime.obj
d:\landispro\twodimension_dispersal\landiscode\landis_7.1\harvestdll\debug\groupselectionregime70.obj
d:\landispro\twodimension_dispersal\landiscode\landis_7.1\output\harvestdll.lib
d:\landispro\twodimension_dispersal\landiscode\landis_7.1\output\harvestdll.exp
d:\landispro\twodimension_dispersal\landiscode\landis_7.1\x64\debug\harvestdll.dll
d:\landispro\twodimension_dispersal\landiscode\landis_7.1\output\harvestdll.pdb
d:\landispro\twodimension_dispersal\landiscode\landis_7.1\harvestdll\x64\debug\harvestdll.tlog\bscmake.command.1.tlog
d:\landispro\twodimension_dispersal\landiscode\landis_7.1\harvestdll\x64\debug\harvestdll.tlog\bscmake.read.1.tlog
d:\landispro\twodimension_dispersal\landiscode\landis_7.1\harvestdll\x64\debug\harvestdll.tlog\bscmake.write.1.tlog
d:\landispro\twodimension_dispersal\landiscode\landis_7.1\harvestdll\x64\debug\harvestdll.tlog\cl.command.1.tlog
d:\landispro\twodimension_dispersal\landiscode\landis_7.1\harvestdll\x64\debug\harvestdll.tlog\cl.read.1.tlog
d:\landispro\twodimension_dispersal\landiscode\landis_7.1\harvestdll\x64\debug\harvestdll.tlog\cl.write.1.tlog
d:\landispro\twodimension_dispersal\landiscode\landis_7.1\harvestdll\x64\debug\harvestdll.tlog\harvestdll.write.1u.tlog
d:\landispro\twodimension_dispersal\landiscode\landis_7.1\harvestdll\x64\debug\harvestdll.tlog\link.command.1.tlog
d:\landispro\twodimension_dispersal\landiscode\landis_7.1\harvestdll\x64\debug\harvestdll.tlog\link.read.1.tlog
d:\landispro\twodimension_dispersal\landiscode\landis_7.1\harvestdll\x64\debug\harvestdll.tlog\link.write.1.tlog
