d:\landispro\twodimension_dispersal\landiscode\landis_7.1\firedll\x64\debug\firedll.bsc
d:\landispro\twodimension_dispersal\landiscode\landis_7.1\firedll\debug\vc120.pdb
d:\landispro\twodimension_dispersal\landiscode\landis_7.1\firedll\x64\debug\finneycell.sbr
d:\landispro\twodimension_dispersal\landiscode\landis_7.1\firedll\x64\debug\fire.sbr
d:\landispro\twodimension_dispersal\landiscode\landis_7.1\firedll\x64\debug\fireexport.sbr
d:\landispro\twodimension_dispersal\landiscode\landis_7.1\firedll\x64\debug\fireregimeunit.sbr
d:\landispro\twodimension_dispersal\landiscode\landis_7.1\firedll\x64\debug\fireregimeunits.sbr
d:\landispro\twodimension_dispersal\landiscode\landis_7.1\firedll\x64\debug\firesites.sbr
d:\landispro\twodimension_dispersal\landiscode\landis_7.1\firedll\x64\debug\mersenne.sbr
d:\landispro\twodimension_dispersal\landiscode\landis_7.1\firedll\x64\debug\pile.sbr
d:\landispro\twodimension_dispersal\landiscode\landis_7.1\firedll\x64\debug\point.sbr
d:\landispro\twodimension_dispersal\landiscode\landis_7.1\firedll\x64\debug\stoc1.sbr
d:\landispro\twodimension_dispersal\landiscode\landis_7.1\firedll\x64\debug\stoc2.sbr
d:\landispro\twodimension_dispersal\landiscode\landis_7.1\firedll\debug\stoc2.obj
d:\landispro\twodimension_dispersal\landiscode\landis_7.1\firedll\debug\stoc1.obj
d:\landispro\twodimension_dispersal\landiscode\landis_7.1\firedll\debug\point.obj
d:\landispro\twodimension_dispersal\landiscode\landis_7.1\firedll\debug\pile.obj
d:\landispro\twodimension_dispersal\landiscode\landis_7.1\firedll\debug\mersenne.obj
d:\landispro\twodimension_dispersal\landiscode\landis_7.1\firedll\debug\firesites.obj
d:\landispro\twodimension_dispersal\landiscode\landis_7.1\firedll\debug\fireregimeunit.obj
d:\landispro\twodimension_dispersal\landiscode\landis_7.1\firedll\debug\fireexport.obj
d:\landispro\twodimension_dispersal\landiscode\landis_7.1\firedll\debug\finneycell.obj
d:\landispro\twodimension_dispersal\landiscode\landis_7.1\firedll\x64\debug\
d:\landispro\twodimension_dispersal\landiscode\landis_7.1\firedll\debug\fire.obj
d:\landispro\twodimension_dispersal\landiscode\landis_7.1\firedll\debug\fireregimeunits.obj
d:\landispro\twodimension_dispersal\landiscode\landis_7.1\output\firedll.lib
d:\landispro\twodimension_dispersal\landiscode\landis_7.1\output\firedll.exp
d:\landispro\twodimension_dispersal\landiscode\landis_7.1\x64\debug\firedll.dll
d:\landispro\twodimension_dispersal\landiscode\landis_7.1\output\firedll.pdb
d:\landispro\twodimension_dispersal\landiscode\landis_7.1\firedll\x64\debug\firedll.tlog\bscmake.command.1.tlog
d:\landispro\twodimension_dispersal\landiscode\landis_7.1\firedll\x64\debug\firedll.tlog\bscmake.read.1.tlog
d:\landispro\twodimension_dispersal\landiscode\landis_7.1\firedll\x64\debug\firedll.tlog\bscmake.write.1.tlog
d:\landispro\twodimension_dispersal\landiscode\landis_7.1\firedll\x64\debug\firedll.tlog\cl.command.1.tlog
d:\landispro\twodimension_dispersal\landiscode\landis_7.1\firedll\x64\debug\firedll.tlog\cl.read.1.tlog
d:\landispro\twodimension_dispersal\landiscode\landis_7.1\firedll\x64\debug\firedll.tlog\cl.write.1.tlog
d:\landispro\twodimension_dispersal\landiscode\landis_7.1\firedll\x64\debug\firedll.tlog\firedll.write.1u.tlog
d:\landispro\twodimension_dispersal\landiscode\landis_7.1\firedll\x64\debug\firedll.tlog\link.command.1.tlog
d:\landispro\twodimension_dispersal\landiscode\landis_7.1\firedll\x64\debug\firedll.tlog\link.read.1.tlog
d:\landispro\twodimension_dispersal\landiscode\landis_7.1\firedll\x64\debug\firedll.tlog\link.write.1.tlog
